Using pre-set license
Built from '2020.3/release' branch; Version is '2020.3.12f1 (b3b2c6512326) revision 11776710'; Using compiler version '192528614'; Build Type 'Release'
OS: 'Windows 10 Home; OS build 19042.1165; Version 2009; 64bit' Language: 'en' Physical Memory: 8122 MB
BatchMode: 1, IsHumanControllingUs: 0, StartBugReporterOnCrash: 0, Is64bit: 1, IsPro: 0

 COMMAND LINE ARGUMENTS:
C:\Program Files\Unity\Hub\Editor\2020.3.12f1\Editor\Unity.exe
-adb2
-batchMode
-noUpm
-name
AssetImportWorker0
-projectPath
C:/Users/cnalg/Documents/GitHub/YSDroppingBombs/Booper Shapes - RAD
-logFile
Logs/AssetImportWorker0.log
-srvPort
59431
Successfully changed project path to: C:/Users/cnalg/Documents/GitHub/YSDroppingBombs/Booper Shapes - RAD
C:/Users/cnalg/Documents/GitHub/YSDroppingBombs/Booper Shapes - RAD
Using Asset Import Pipeline V2.
Refreshing native plugins compatible for Editor in 177.53 ms, found 3 plugins.
Preloading 0 native plugins for Editor in 0.00 ms.
Initialize engine version: 2020.3.12f1 (b3b2c6512326)
[Subsystems] Discovering subsystems at path C:/Program Files/Unity/Hub/Editor/2020.3.12f1/Editor/Data/Resources/UnitySubsystems
[Subsystems] Discovering subsystems at path C:/Users/cnalg/Documents/GitHub/YSDroppingBombs/Booper Shapes - RAD/Assets
GfxDevice: creating device client; threaded=0
Direct3D:
    Version:  Direct3D 11.0 [level 11.1]
    Renderer: NVIDIA GeForce GT 1030 (ID=0x1d01)
    Vendor:   
    VRAM:     1982 MB
    Driver:   31.0.15.1694
Initialize mono
Mono path[0] = 'C:/Program Files/Unity/Hub/Editor/2020.3.12f1/Editor/Data/Managed'
Mono path[1] = 'C:/Program Files/Unity/Hub/Editor/2020.3.12f1/Editor/Data/MonoBleedingEdge/lib/mono/unityjit'
Mono config path = 'C:/Program Files/Unity/Hub/Editor/2020.3.12f1/Editor/Data/MonoBleedingEdge/etc'
Using monoOptions --debugger-agent=transport=dt_socket,embedding=1,server=y,suspend=n,address=127.0.0.1:56372
Begin MonoManager ReloadAssembly
Registering precompiled unity dll's ...
Register platform support module: C:/Program Files/Unity/Hub/Editor/2020.3.12f1/Editor/Data/PlaybackEngines/WindowsStandaloneSupport/UnityEditor.WindowsStandalone.Extensions.dll
Registered in 0.207761 seconds.
Native extension for WindowsStandalone target not found
Refreshing native plugins compatible for Editor in 41.41 ms, found 3 plugins.
Preloading 0 native plugins for Editor in 0.00 ms.
Mono: successfully reloaded assembly
- Completed reload, in  4.827 seconds
Platform modules already initialized, skipping
Registering precompiled user dll's ...
Registered in 0.716839 seconds.
Begin MonoManager ReloadAssembly
Native extension for WindowsStandalone target not found
Refreshing native plugins compatible for Editor in 42.22 ms, found 3 plugins.
Preloading 0 native plugins for Editor in 0.00 ms.
Mono: successfully reloaded assembly
- Completed reload, in  4.618 seconds
Platform modules already initialized, skipping
========================================================================
Worker process is ready to serve import requests
Launched and connected shader compiler UnityShaderCompiler.exe after 0.11 seconds
Refreshing native plugins compatible for Editor in 0.82 ms, found 3 plugins.
Preloading 0 native plugins for Editor in 0.00 ms.
Unloading 2113 Unused Serialized files (Serialized files now loaded: 0)
System memory in use before: 93.7 MB.
System memory in use after: 93.6 MB.

Unloading 33 unused Assets to reduce memory usage. Loaded Objects now: 2546.
Total: 2.653200 ms (FindLiveObjects: 0.234400 ms CreateObjectMapping: 0.081600 ms MarkObjects: 2.157000 ms  DeleteObjects: 0.178900 ms)

AssetImportParameters requested are different than current active one (requested -> active):
  custom:framework-win-MediaFoundation: 216162199b28c13a410421893ffa2e32 -> 
  custom:video-decoder-ogg-theora: a1e56fd34408186e4bbccfd4996cb3dc -> 
  custom:container-muxer-webm: aa71ff27fc2769a1b78a27578f13a17b -> 
  custom:container-demuxer-webm: 4f35f7cbe854078d1ac9338744f61a02 -> 
  custom:container-demuxer-ogg: 62fdf1f143b41e24485cea50d1cbac27 -> 
  custom:video-encoder-webm-vp8: eb34c28f22e8b96e1ab97ce403110664 -> 
  custom:video-decoder-webm-vp8: 9c59270c3fd7afecdb556c50c9e8de78 -> 
  custom:audio-decoder-ogg-vorbis: bf7c407c2cedff20999df2af8eb42d56 -> 
  custom:audio-encoder-webm-vorbis: bf7c407c2cedff20999df2af8eb42d56 -> 
========================================================================
Received Import Request.
  path: Assets/Resources/Icons
  artifactKey: Guid(02095de3c0cdc514abbe4cbaee4ec3fb) Importer(815301076,1909f56bfc062723c751e8b465ee728b)
Start importing Assets/Resources/Icons using Guid(02095de3c0cdc514abbe4cbaee4ec3fb) Importer(815301076,1909f56bfc062723c751e8b465ee728b)  -> (artifact id: 'acc019ebd61e0c625fcb80179358bab4') in 0.015479 seconds 
  Import took 0.021060 seconds .

========================================================================
Received Import Request.
  Time since last request: 0.068858 seconds.
  path: Assets/Resources/Icons/1f3ae.png
  artifactKey: Guid(39e9a147bb3eced4ab5b82a84df774b0) Importer(815301076,1909f56bfc062723c751e8b465ee728b)
Start importing Assets/Resources/Icons/1f3ae.png using Guid(39e9a147bb3eced4ab5b82a84df774b0) Importer(815301076,1909f56bfc062723c751e8b465ee728b)  -> (artifact id: 'a9f993758a34b3d49198bd5a1435ee2a') in 0.158512 seconds 
  Import took 0.162644 seconds .

========================================================================
Received Import Request.
  Time since last request: 0.000166 seconds.
  path: Assets/Resources/Icons/button_shape_polygon-512.png
  artifactKey: Guid(bc209e0ceb1603645b0952f923bd1775) Importer(815301076,1909f56bfc062723c751e8b465ee728b)
Start importing Assets/Resources/Icons/button_shape_polygon-512.png using Guid(bc209e0ceb1603645b0952f923bd1775) Importer(815301076,1909f56bfc062723c751e8b465ee728b)  -> (artifact id: 'fda99f07965d6f10b428a0b6651b2062') in 0.020219 seconds 
  Import took 0.023694 seconds .

========================================================================
Received Import Request.
  Time since last request: 0.000245 seconds.
  path: Assets/Resources/Icons/kisspng-computer-icons-symbol-rotation-5adc05925036b7.1369357215243687863286.png
  artifactKey: Guid(0c6478fc627cacd44bbbb1adfdcd64fe) Importer(815301076,1909f56bfc062723c751e8b465ee728b)
Start importing Assets/Resources/Icons/kisspng-computer-icons-symbol-rotation-5adc05925036b7.1369357215243687863286.png using Guid(0c6478fc627cacd44bbbb1adfdcd64fe) Importer(815301076,1909f56bfc062723c751e8b465ee728b)  -> (artifact id: '3cfd45f4061469a22fb9cebea58316b1') in 0.020125 seconds 
  Import took 0.024728 seconds .

========================================================================
Received Import Request.
  Time since last request: 0.000327 seconds.
  path: Assets/Resources/Icons/button_shape_polygon-512.png
  artifactKey: Guid(bc209e0ceb1603645b0952f923bd1775) Importer(815301076,1909f56bfc062723c751e8b465ee728b)
Start importing Assets/Resources/Icons/button_shape_polygon-512.png using Guid(bc209e0ceb1603645b0952f923bd1775) Importer(815301076,1909f56bfc062723c751e8b465ee728b)  -> (artifact id: 'fda99f07965d6f10b428a0b6651b2062') in 0.006734 seconds 
  Import took 0.010149 seconds .

========================================================================
Received Import Request.
  Time since last request: 0.000200 seconds.
  path: Assets/Resources/Icons/score.png
  artifactKey: Guid(bedad306b2c9c7c45b3dede9288ba435) Importer(815301076,1909f56bfc062723c751e8b465ee728b)
Start importing Assets/Resources/Icons/score.png using Guid(bedad306b2c9c7c45b3dede9288ba435) Importer(815301076,1909f56bfc062723c751e8b465ee728b)  -> (artifact id: '37d71336415fac8debd5e14d3ea3472a') in 0.016769 seconds 
  Import took 0.021677 seconds .

========================================================================
Received Import Request.
  Time since last request: 0.000167 seconds.
  path: Assets/Resources/Icons/reset.png
  artifactKey: Guid(7aa3faa8702ed2d45b4bae5c39511876) Importer(815301076,1909f56bfc062723c751e8b465ee728b)
Start importing Assets/Resources/Icons/reset.png using Guid(7aa3faa8702ed2d45b4bae5c39511876) Importer(815301076,1909f56bfc062723c751e8b465ee728b)  -> (artifact id: 'a5c4132c1d416cbf7a2c9da4fc0987a4') in 0.018301 seconds 
  Import took 0.022805 seconds .

========================================================================
Received Import Request.
  Time since last request: 0.000279 seconds.
  path: Assets/Resources/Icons/img_542833.png
  artifactKey: Guid(0980736648babc64492f8d6eb0a59980) Importer(815301076,1909f56bfc062723c751e8b465ee728b)
Start importing Assets/Resources/Icons/img_542833.png using Guid(0980736648babc64492f8d6eb0a59980) Importer(815301076,1909f56bfc062723c751e8b465ee728b)  -> (artifact id: '26f845644532d39bb895796d407b0b69') in 0.027999 seconds 
  Import took 0.032025 seconds .

========================================================================
Received Import Request.
  Time since last request: 3.559097 seconds.
  path: Assets/_MK/MKGlowFree/Editor
  artifactKey: Guid(947cbd0ab894de94fbb397bf92efe419) Importer(815301076,1909f56bfc062723c751e8b465ee728b)
Start importing Assets/_MK/MKGlowFree/Editor using Guid(947cbd0ab894de94fbb397bf92efe419) Importer(815301076,1909f56bfc062723c751e8b465ee728b)  -> (artifact id: '04597dda6bee0bb9e4444c9d1dbee47f') in 0.008858 seconds 
  Import took 0.013700 seconds .

========================================================================
Received Import Request.
  Time since last request: 2.408295 seconds.
  path: Assets/_MK/MKGlowFree/Examples/Scripts
  artifactKey: Guid(af69811c769e5bc4796b94100f7a83c8) Importer(815301076,1909f56bfc062723c751e8b465ee728b)
Start importing Assets/_MK/MKGlowFree/Examples/Scripts using Guid(af69811c769e5bc4796b94100f7a83c8) Importer(815301076,1909f56bfc062723c751e8b465ee728b)  -> (artifact id: '2bb48e1fc97fbb7e6c524d69348a3bfe') in 0.008636 seconds 
  Import took 0.012464 seconds .

========================================================================
Received Import Request.
  Time since last request: 5.814892 seconds.
  path: Assets/Scenes/SampleScene.unity
  artifactKey: Guid(2cda990e2423bbf4892e6590ba056729) Importer(815301076,1909f56bfc062723c751e8b465ee728b)
Start importing Assets/Scenes/SampleScene.unity using Guid(2cda990e2423bbf4892e6590ba056729) Importer(815301076,1909f56bfc062723c751e8b465ee728b)  -> (artifact id: 'aa27944bdea339c97c39027c7eea529c') in 0.008679 seconds 
  Import took 0.012107 seconds .

AssetImportWorkerClient::OnTransportError - code=2 error=End of file
