Using pre-set license
Built from '2020.3/release' branch; Version is '2020.3.12f1 (b3b2c6512326) revision 11776710'; Using compiler version '192528614'; Build Type 'Release'
OS: 'Windows 10 Home; OS build 19042.1165; Version 2009; 64bit' Language: 'en' Physical Memory: 8122 MB
BatchMode: 1, IsHumanControllingUs: 0, StartBugReporterOnCrash: 0, Is64bit: 1, IsPro: 0

 COMMAND LINE ARGUMENTS:
C:\Program Files\Unity\Hub\Editor\2020.3.12f1\Editor\Unity.exe
-adb2
-batchMode
-noUpm
-name
AssetImportWorker0
-projectPath
C:/Users/cnalg/Documents/GitHub/Booper-Shapes/RAD - Lowest Poly Shapes
-logFile
Logs/AssetImportWorker0.log
-srvPort
62439
Successfully changed project path to: C:/Users/cnalg/Documents/GitHub/Booper-Shapes/RAD - Lowest Poly Shapes
C:/Users/cnalg/Documents/GitHub/Booper-Shapes/RAD - Lowest Poly Shapes
Using Asset Import Pipeline V2.
Refreshing native plugins compatible for Editor in 37.76 ms, found 3 plugins.
Preloading 0 native plugins for Editor in 0.00 ms.
Initialize engine version: 2020.3.12f1 (b3b2c6512326)
[Subsystems] Discovering subsystems at path C:/Program Files/Unity/Hub/Editor/2020.3.12f1/Editor/Data/Resources/UnitySubsystems
[Subsystems] Discovering subsystems at path C:/Users/cnalg/Documents/GitHub/Booper-Shapes/RAD - Lowest Poly Shapes/Assets
GfxDevice: creating device client; threaded=0
Direct3D:
    Version:  Direct3D 11.0 [level 11.1]
    Renderer: NVIDIA GeForce GT 1030 (ID=0x1d01)
    Vendor:   
    VRAM:     1982 MB
    Driver:   31.0.15.1694
Initialize mono
Mono path[0] = 'C:/Program Files/Unity/Hub/Editor/2020.3.12f1/Editor/Data/Managed'
Mono path[1] = 'C:/Program Files/Unity/Hub/Editor/2020.3.12f1/Editor/Data/MonoBleedingEdge/lib/mono/unityjit'
Mono config path = 'C:/Program Files/Unity/Hub/Editor/2020.3.12f1/Editor/Data/MonoBleedingEdge/etc'
Using monoOptions --debugger-agent=transport=dt_socket,embedding=1,server=y,suspend=n,address=127.0.0.1:56548
Begin MonoManager ReloadAssembly
Registering precompiled unity dll's ...
Register platform support module: C:/Program Files/Unity/Hub/Editor/2020.3.12f1/Editor/Data/PlaybackEngines/WindowsStandaloneSupport/UnityEditor.WindowsStandalone.Extensions.dll
Registered in 0.001679 seconds.
Native extension for WindowsStandalone target not found
Refreshing native plugins compatible for Editor in 36.92 ms, found 3 plugins.
Preloading 0 native plugins for Editor in 0.00 ms.
Mono: successfully reloaded assembly
- Completed reload, in  0.973 seconds
Platform modules already initialized, skipping
Registering precompiled user dll's ...
Registered in 0.003699 seconds.
Begin MonoManager ReloadAssembly
Native extension for WindowsStandalone target not found
Refreshing native plugins compatible for Editor in 34.26 ms, found 3 plugins.
Preloading 0 native plugins for Editor in 0.00 ms.
Mono: successfully reloaded assembly
- Completed reload, in  1.001 seconds
Platform modules already initialized, skipping
========================================================================
Worker process is ready to serve import requests
Launched and connected shader compiler UnityShaderCompiler.exe after 0.04 seconds
Refreshing native plugins compatible for Editor in 0.41 ms, found 3 plugins.
Preloading 0 native plugins for Editor in 0.00 ms.
Unloading 2080 Unused Serialized files (Serialized files now loaded: 0)
System memory in use before: 92.8 MB.
System memory in use after: 92.7 MB.

Unloading 33 unused Assets to reduce memory usage. Loaded Objects now: 2513.
Total: 2.029400 ms (FindLiveObjects: 0.180600 ms CreateObjectMapping: 0.080600 ms MarkObjects: 1.569500 ms  DeleteObjects: 0.198000 ms)

AssetImportParameters requested are different than current active one (requested -> active):
  custom:framework-win-MediaFoundation: 216162199b28c13a410421893ffa2e32 -> 
  custom:video-decoder-ogg-theora: a1e56fd34408186e4bbccfd4996cb3dc -> 
  custom:container-muxer-webm: aa71ff27fc2769a1b78a27578f13a17b -> 
  custom:container-demuxer-webm: 4f35f7cbe854078d1ac9338744f61a02 -> 
  custom:container-demuxer-ogg: 62fdf1f143b41e24485cea50d1cbac27 -> 
  custom:video-encoder-webm-vp8: eb34c28f22e8b96e1ab97ce403110664 -> 
  custom:video-decoder-webm-vp8: 9c59270c3fd7afecdb556c50c9e8de78 -> 
  custom:audio-decoder-ogg-vorbis: bf7c407c2cedff20999df2af8eb42d56 -> 
  custom:audio-encoder-webm-vorbis: bf7c407c2cedff20999df2af8eb42d56 -> 
========================================================================
Received Import Request.
  path: Assets
  artifactKey: Guid(00000000000000001000000000000000) Importer(815301076,1909f56bfc062723c751e8b465ee728b)
Start importing Assets using Guid(00000000000000001000000000000000) Importer(815301076,1909f56bfc062723c751e8b465ee728b)  -> (artifact id: '42d402b061de3733987d63b9cc3b64de') in 0.008111 seconds 
  Import took 0.011162 seconds .

========================================================================
Received Import Request.
  Time since last request: 72.409637 seconds.
  path: Assets
  artifactKey: Guid(00000000000000001000000000000000) Importer(815301076,1909f56bfc062723c751e8b465ee728b)
Start importing Assets using Guid(00000000000000001000000000000000) Importer(815301076,1909f56bfc062723c751e8b465ee728b)  -> (artifact id: '42d402b061de3733987d63b9cc3b64de') in 0.003644 seconds 
  Import took 0.008512 seconds .

========================================================================
Received Prepare
Registering precompiled user dll's ...
Registered in 0.016977 seconds.
Begin MonoManager ReloadAssembly
Native extension for WindowsStandalone target not found
Refreshing native plugins compatible for Editor in 0.47 ms, found 3 plugins.
Preloading 0 native plugins for Editor in 0.00 ms.
Mono: successfully reloaded assembly
- Completed reload, in  0.989 seconds
Platform modules already initialized, skipping
Shader 'MK/Glow/Luminance/UI/Lit/Bumped': fallback shader 'MK/Glow/Luminance/UI/Lit/Transparent' not found
Shader 'Hidden/MK/Glow/MKGlowSM40': fallback shader 'Hidden/MK/Glow/MKGlowSM35' not found
Shader 'MK/Glow/Luminance/UI/Lit/Refraction Detail': fallback shader 'MK/Glow/Luminance/UI/Lit/Detail' not found
Shader 'MK/Glow/Luminance/UI/Unlit/Transparent': fallback shader 'MK/Glow/Luminance/UI/Default' not found
WARNING: Shader Unsupported: 'MK/Glow/Luminance/UI/Unlit/Transparent' - All subshaders removed
WARNING: Shader Did you use #pragma only_renderers and omit this platform?
WARNING: Shader If subshaders removal was intentional, you may have forgotten turning Fallback off?
WARNING: Shader Unsupported: 'MK/Glow/Luminance/UI/Unlit/Transparent' - All subshaders removed
WARNING: Shader Did you use #pragma only_renderers and omit this platform?
WARNING: Shader If subshaders removal was intentional, you may have forgotten turning Fallback off?
Shader 'Hidden/MK/Glow/MKGlowSM30': fallback shader 'Hidden/MK/Glow/MKGlowSM25' not found
Shader 'MK/Glow/Luminance/UI/Unlit/Text': fallback shader 'MK/Glow/Luminance/UI/Default Font' not found
WARNING: Shader Unsupported: 'MK/Glow/Luminance/UI/Unlit/Text' - All subshaders removed
WARNING: Shader Did you use #pragma only_renderers and omit this platform?
WARNING: Shader If subshaders removal was intentional, you may have forgotten turning Fallback off?
WARNING: Shader Unsupported: 'MK/Glow/Luminance/UI/Unlit/Text' - All subshaders removed
WARNING: Shader Did you use #pragma only_renderers and omit this platform?
WARNING: Shader If subshaders removal was intentional, you may have forgotten turning Fallback off?
Shader 'MK/Glow/Luminance/UI/Default Font': fallback shader 'MK/Glow/Luminance/UI/Default' not found
WARNING: Shader Unsupported: 'MK/Glow/Luminance/UI/Default Font' - All subshaders removed
WARNING: Shader Did you use #pragma only_renderers and omit this platform?
WARNING: Shader If subshaders removal was intentional, you may have forgotten turning Fallback off?
WARNING: Shader Unsupported: 'MK/Glow/Luminance/UI/Default Font' - All subshaders removed
WARNING: Shader Did you use #pragma only_renderers and omit this platform?
WARNING: Shader If subshaders removal was intentional, you may have forgotten turning Fallback off?
Refreshing native plugins compatible for Editor in 0.48 ms, found 3 plugins.
Preloading 0 native plugins for Editor in 0.00 ms.
Unloading 2154 Unused Serialized files (Serialized files now loaded: 0)
System memory in use before: 110.7 MB.
System memory in use after: 100.5 MB.

Unloading 70 unused Assets to reduce memory usage. Loaded Objects now: 2556.
Total: 6.576600 ms (FindLiveObjects: 0.242600 ms CreateObjectMapping: 0.108300 ms MarkObjects: 1.645500 ms  DeleteObjects: 4.579100 ms)

AssetImportParameters requested are different than current active one (requested -> active):
  custom:framework-win-MediaFoundation: 216162199b28c13a410421893ffa2e32 -> 
  custom:video-decoder-ogg-theora: a1e56fd34408186e4bbccfd4996cb3dc -> 
  custom:container-muxer-webm: aa71ff27fc2769a1b78a27578f13a17b -> 
  custom:container-demuxer-webm: 4f35f7cbe854078d1ac9338744f61a02 -> 
  custom:container-demuxer-ogg: 62fdf1f143b41e24485cea50d1cbac27 -> 
  custom:video-encoder-webm-vp8: eb34c28f22e8b96e1ab97ce403110664 -> 
  custom:video-decoder-webm-vp8: 9c59270c3fd7afecdb556c50c9e8de78 -> 
  custom:audio-decoder-ogg-vorbis: bf7c407c2cedff20999df2af8eb42d56 -> 
  custom:audio-encoder-webm-vorbis: bf7c407c2cedff20999df2af8eb42d56 -> 
========================================================================
Received Import Request.
  Time since last request: 147.042336 seconds.
  path: Assets/Player.physicsMaterial2D
  artifactKey: Guid(1f185380e64093a4faffb3303432b227) Importer(815301076,1909f56bfc062723c751e8b465ee728b)
Start importing Assets/Player.physicsMaterial2D using Guid(1f185380e64093a4faffb3303432b227) Importer(815301076,1909f56bfc062723c751e8b465ee728b)  -> (artifact id: '064d21d44bcb8cb766705ef8f65df49f') in 0.056337 seconds 
  Import took 0.059835 seconds .

========================================================================
Received Import Request.
  Time since last request: 26.248319 seconds.
  path: Assets/Scenes/SampleScene.unity
  artifactKey: Guid(2cda990e2423bbf4892e6590ba056729) Importer(815301076,1909f56bfc062723c751e8b465ee728b)
Start importing Assets/Scenes/SampleScene.unity using Guid(2cda990e2423bbf4892e6590ba056729) Importer(815301076,1909f56bfc062723c751e8b465ee728b)  -> (artifact id: 'ac82e07664f88701e7273b29beee442c') in 0.008636 seconds 
  Import took 0.012716 seconds .

========================================================================
Received Import Request.
  Time since last request: 406.406902 seconds.
  path: Assets/Scripts/PlayerScript.cs
  artifactKey: Guid(37487b90f58178f439d8c23da348f82c) Importer(815301076,1909f56bfc062723c751e8b465ee728b)
Start importing Assets/Scripts/PlayerScript.cs using Guid(37487b90f58178f439d8c23da348f82c) Importer(815301076,1909f56bfc062723c751e8b465ee728b)  -> (artifact id: '88dbfe23bbaa334cae149e7b9750ce38') in 0.067051 seconds 
  Import took 0.166973 seconds .

========================================================================
Received Import Request.
  Time since last request: 36.100690 seconds.
  path: Assets/Scripts/GameController.cs
  artifactKey: Guid(2adf4836e306432449800174aadd350c) Importer(815301076,1909f56bfc062723c751e8b465ee728b)
Start importing Assets/Scripts/GameController.cs using Guid(2adf4836e306432449800174aadd350c) Importer(815301076,1909f56bfc062723c751e8b465ee728b)  -> (artifact id: '90ef559515050ae3b24b1882f2a5b148') in 0.013368 seconds 
  Import took 0.019945 seconds .

AssetImportWorkerClient::OnTransportError - code=2 error=End of file
