Using pre-set license
Built from '2020.3/release' branch; Version is '2020.3.12f1 (b3b2c6512326) revision 11776710'; Using compiler version '192528614'; Build Type 'Release'
OS: 'Windows 10 Pro; OS build 19044.2846; Version 2009; 64bit' Language: 'en' Physical Memory: 7989 MB
BatchMode: 1, IsHumanControllingUs: 0, StartBugReporterOnCrash: 0, Is64bit: 1, IsPro: 0

 COMMAND LINE ARGUMENTS:
C:\Program Files\Unity\Hub\Editor\2020.3.12f1\Editor\Unity.exe
-adb2
-batchMode
-noUpm
-name
AssetImportWorker0
-projectPath
C:/Users/Ninja31/Documents/GitHub/Booper-Shapes/RAD-Lowest Poly Shapes
-logFile
Logs/AssetImportWorker0.log
-srvPort
62081
Successfully changed project path to: C:/Users/Ninja31/Documents/GitHub/Booper-Shapes/RAD-Lowest Poly Shapes
C:/Users/Ninja31/Documents/GitHub/Booper-Shapes/RAD-Lowest Poly Shapes
Using Asset Import Pipeline V2.
Refreshing native plugins compatible for Editor in 152.16 ms, found 3 plugins.
Preloading 0 native plugins for Editor in 0.00 ms.
Initialize engine version: 2020.3.12f1 (b3b2c6512326)
[Subsystems] Discovering subsystems at path C:/Program Files/Unity/Hub/Editor/2020.3.12f1/Editor/Data/Resources/UnitySubsystems
[Subsystems] Discovering subsystems at path C:/Users/Ninja31/Documents/GitHub/Booper-Shapes/RAD-Lowest Poly Shapes/Assets
GfxDevice: creating device client; threaded=0
Direct3D:
    Version:  Direct3D 11.0 [level 10.0]
    Renderer: Intel(R) HD Graphics (ID=0x46)
    Vendor:   
    VRAM:     128 MB
    Driver:   8.15.10.2900
Initialize mono
Mono path[0] = 'C:/Program Files/Unity/Hub/Editor/2020.3.12f1/Editor/Data/Managed'
Mono path[1] = 'C:/Program Files/Unity/Hub/Editor/2020.3.12f1/Editor/Data/MonoBleedingEdge/lib/mono/unityjit'
Mono config path = 'C:/Program Files/Unity/Hub/Editor/2020.3.12f1/Editor/Data/MonoBleedingEdge/etc'
Using monoOptions --debugger-agent=transport=dt_socket,embedding=1,server=y,suspend=n,address=127.0.0.1:56400
Begin MonoManager ReloadAssembly
Registering precompiled unity dll's ...
Register platform support module: C:/Program Files/Unity/Hub/Editor/2020.3.12f1/Editor/Data/PlaybackEngines/WindowsStandaloneSupport/UnityEditor.WindowsStandalone.Extensions.dll
Registered in 0.008147 seconds.
Native extension for WindowsStandalone target not found
Refreshing native plugins compatible for Editor in 138.89 ms, found 3 plugins.
Preloading 0 native plugins for Editor in 0.00 ms.
Mono: successfully reloaded assembly
- Completed reload, in  3.574 seconds
Platform modules already initialized, skipping
Registering precompiled user dll's ...
Registered in 0.016812 seconds.
Begin MonoManager ReloadAssembly
Native extension for WindowsStandalone target not found
Refreshing native plugins compatible for Editor in 133.99 ms, found 3 plugins.
Preloading 0 native plugins for Editor in 0.00 ms.
Mono: successfully reloaded assembly
- Completed reload, in  3.651 seconds
Platform modules already initialized, skipping
========================================================================
Worker process is ready to serve import requests
Launched and connected shader compiler UnityShaderCompiler.exe after 0.15 seconds
Refreshing native plugins compatible for Editor in 3.36 ms, found 3 plugins.
Preloading 0 native plugins for Editor in 0.00 ms.
Unloading 2161 Unused Serialized files (Serialized files now loaded: 0)
System memory in use before: 113.1 MB.
System memory in use after: 113.0 MB.

Unloading 34 unused Assets to reduce memory usage. Loaded Objects now: 2602.
Total: 29.510000 ms (FindLiveObjects: 1.005700 ms CreateObjectMapping: 5.699800 ms MarkObjects: 21.328300 ms  DeleteObjects: 1.469500 ms)

AssetImportParameters requested are different than current active one (requested -> active):
  custom:framework-win-MediaFoundation: 216162199b28c13a410421893ffa2e32 -> 
  custom:video-decoder-ogg-theora: a1e56fd34408186e4bbccfd4996cb3dc -> 
  custom:container-muxer-webm: aa71ff27fc2769a1b78a27578f13a17b -> 
  custom:container-demuxer-webm: 4f35f7cbe854078d1ac9338744f61a02 -> 
  custom:container-demuxer-ogg: 62fdf1f143b41e24485cea50d1cbac27 -> 
  custom:video-encoder-webm-vp8: eb34c28f22e8b96e1ab97ce403110664 -> 
  custom:video-decoder-webm-vp8: 9c59270c3fd7afecdb556c50c9e8de78 -> 
  custom:audio-decoder-ogg-vorbis: bf7c407c2cedff20999df2af8eb42d56 -> 
  custom:audio-encoder-webm-vorbis: bf7c407c2cedff20999df2af8eb42d56 -> 
========================================================================
Received Import Request.
  path: Assets/Scripts/PlayerControls.cs
  artifactKey: Guid(ab3fac5bcaaab794494402f8c7eed344) Importer(815301076,1909f56bfc062723c751e8b465ee728b)
Start importing Assets/Scripts/PlayerControls.cs using Guid(ab3fac5bcaaab794494402f8c7eed344) Importer(815301076,1909f56bfc062723c751e8b465ee728b)  -> (artifact id: '03e55550881f05c67910d75edd78110d') in 0.253835 seconds 
  Import took 0.302837 seconds .

========================================================================
Received Import Request.
  Time since last request: 0.002900 seconds.
  path: Assets/Prefabs/Square.prefab
  artifactKey: Guid(85a7b34030ff78240ad4046b0bb7ebb8) Importer(815301076,1909f56bfc062723c751e8b465ee728b)
Start importing Assets/Prefabs/Square.prefab using Guid(85a7b34030ff78240ad4046b0bb7ebb8) Importer(815301076,1909f56bfc062723c751e8b465ee728b)  -> (artifact id: '5ab0eba99df2167ee4ea5b4f516e2416') in 0.933594 seconds 
  Import took 0.948347 seconds .

========================================================================
Received Import Request.
  Time since last request: 0.000726 seconds.
  path: Assets/Prefabs/Enemy.prefab
  artifactKey: Guid(c35ef15c1d5cf554ca44aa3c5f446bfb) Importer(815301076,1909f56bfc062723c751e8b465ee728b)
Start importing Assets/Prefabs/Enemy.prefab using Guid(c35ef15c1d5cf554ca44aa3c5f446bfb) Importer(815301076,1909f56bfc062723c751e8b465ee728b)  -> (artifact id: '0a496effc77602d831ff1c5e51f546de') in 0.190156 seconds 
  Import took 0.226143 seconds .

========================================================================
Received Import Request.
  Time since last request: 0.000660 seconds.
  path: Assets/Prefabs/Player.prefab
  artifactKey: Guid(589710282b9db9746b32187b0cc2dd68) Importer(815301076,1909f56bfc062723c751e8b465ee728b)
Start importing Assets/Prefabs/Player.prefab using Guid(589710282b9db9746b32187b0cc2dd68) Importer(815301076,1909f56bfc062723c751e8b465ee728b)  -> (artifact id: '4dc24e14dabd1a39058060ffae902eda') in 0.361693 seconds 
  Import took 0.471487 seconds .

========================================================================
Received Import Request.
  Time since last request: 0.000392 seconds.
  path: Assets/Physics/Player.physicsMaterial2D
  artifactKey: Guid(1f185380e64093a4faffb3303432b227) Importer(815301076,1909f56bfc062723c751e8b465ee728b)
Start importing Assets/Physics/Player.physicsMaterial2D using Guid(1f185380e64093a4faffb3303432b227) Importer(815301076,1909f56bfc062723c751e8b465ee728b)  -> (artifact id: '9ee272e1365cd95120c7d134f90ac58a') in 0.142530 seconds 
  Import took 0.199429 seconds .

========================================================================
Received Import Request.
  Time since last request: 0.000642 seconds.
  path: Assets/Prefabs/MainGameCanvas.prefab
  artifactKey: Guid(32099380f5be4314eaafd9392860df90) Importer(815301076,1909f56bfc062723c751e8b465ee728b)
Start importing Assets/Prefabs/MainGameCanvas.prefab using Guid(32099380f5be4314eaafd9392860df90) Importer(815301076,1909f56bfc062723c751e8b465ee728b)  -> (artifact id: '73049816cb51d6a9f3c9594e028aa390') in 0.352332 seconds 
  Import took 0.371030 seconds .

========================================================================
Received Import Request.
  Time since last request: 0.000600 seconds.
  path: Assets/Prefabs/Platform.prefab
  artifactKey: Guid(90ddefa79043fcf47afd016712445062) Importer(815301076,1909f56bfc062723c751e8b465ee728b)
Start importing Assets/Prefabs/Platform.prefab using Guid(90ddefa79043fcf47afd016712445062) Importer(815301076,1909f56bfc062723c751e8b465ee728b)  -> (artifact id: 'ad4e01216930c4843c77e50217dc9d82') in 0.320257 seconds 
  Import took 0.332201 seconds .

========================================================================
Received Import Request.
  Time since last request: 0.000499 seconds.
  path: Assets/Prefabs/GameController.prefab
  artifactKey: Guid(38646eb3fbe07b04daef55916ea14e9e) Importer(815301076,1909f56bfc062723c751e8b465ee728b)
Start importing Assets/Prefabs/GameController.prefab using Guid(38646eb3fbe07b04daef55916ea14e9e) Importer(815301076,1909f56bfc062723c751e8b465ee728b)  -> (artifact id: 'b31ddc1089c88954d975680d070fe6ac') in 0.033171 seconds 
  Import took 0.043835 seconds .

========================================================================
Received Import Request.
  Time since last request: 0.000155 seconds.
  path: Assets/Prefabs/Coin.prefab
  artifactKey: Guid(969b1bee2b8adf948a4ae5e43d1cbde3) Importer(815301076,1909f56bfc062723c751e8b465ee728b)
Start importing Assets/Prefabs/Coin.prefab using Guid(969b1bee2b8adf948a4ae5e43d1cbde3) Importer(815301076,1909f56bfc062723c751e8b465ee728b)  -> (artifact id: 'e3c3b915162d08cc8b14f84d955c6747') in 0.461639 seconds 
  Import took 0.474622 seconds .

========================================================================
Received Prepare
Refreshing native plugins compatible for Editor in 18.11 ms, found 3 plugins.
Preloading 0 native plugins for Editor in 0.00 ms.
Unloading 20 Unused Serialized files (Serialized files now loaded: 0)
System memory in use before: 70.5 MB.
System memory in use after: 70.5 MB.

Unloading 21 unused Assets to reduce memory usage. Loaded Objects now: 2609.
Total: 8.937300 ms (FindLiveObjects: 0.499600 ms CreateObjectMapping: 0.193800 ms MarkObjects: 7.865100 ms  DeleteObjects: 0.375200 ms)

AssetImportParameters requested are different than current active one (requested -> active):
  custom:framework-win-MediaFoundation: 216162199b28c13a410421893ffa2e32 -> 
  custom:video-decoder-ogg-theora: a1e56fd34408186e4bbccfd4996cb3dc -> 
  custom:container-muxer-webm: aa71ff27fc2769a1b78a27578f13a17b -> 
  custom:container-demuxer-webm: 4f35f7cbe854078d1ac9338744f61a02 -> 
  custom:container-demuxer-ogg: 62fdf1f143b41e24485cea50d1cbac27 -> 
  custom:video-encoder-webm-vp8: eb34c28f22e8b96e1ab97ce403110664 -> 
  custom:video-decoder-webm-vp8: 9c59270c3fd7afecdb556c50c9e8de78 -> 
  custom:audio-decoder-ogg-vorbis: bf7c407c2cedff20999df2af8eb42d56 -> 
  custom:audio-encoder-webm-vorbis: bf7c407c2cedff20999df2af8eb42d56 -> 
========================================================================
Received Prepare
Registering precompiled user dll's ...
Registered in 0.018712 seconds.
Begin MonoManager ReloadAssembly
Native extension for WindowsStandalone target not found
Refreshing native plugins compatible for Editor in 1.38 ms, found 3 plugins.
Preloading 0 native plugins for Editor in 0.00 ms.
Mono: successfully reloaded assembly
- Completed reload, in  3.349 seconds
Platform modules already initialized, skipping
Refreshing native plugins compatible for Editor in 1.21 ms, found 3 plugins.
Preloading 0 native plugins for Editor in 0.00 ms.
Unloading 2109 Unused Serialized files (Serialized files now loaded: 0)
System memory in use before: 111.3 MB.
System memory in use after: 111.3 MB.

Unloading 22 unused Assets to reduce memory usage. Loaded Objects now: 2613.
Total: 6.181900 ms (FindLiveObjects: 0.439300 ms CreateObjectMapping: 0.171200 ms MarkObjects: 5.238900 ms  DeleteObjects: 0.328700 ms)

AssetImportParameters requested are different than current active one (requested -> active):
  custom:framework-win-MediaFoundation: 216162199b28c13a410421893ffa2e32 -> 
  custom:video-decoder-ogg-theora: a1e56fd34408186e4bbccfd4996cb3dc -> 
  custom:container-muxer-webm: aa71ff27fc2769a1b78a27578f13a17b -> 
  custom:container-demuxer-webm: 4f35f7cbe854078d1ac9338744f61a02 -> 
  custom:container-demuxer-ogg: 62fdf1f143b41e24485cea50d1cbac27 -> 
  custom:video-encoder-webm-vp8: eb34c28f22e8b96e1ab97ce403110664 -> 
  custom:video-decoder-webm-vp8: 9c59270c3fd7afecdb556c50c9e8de78 -> 
  custom:audio-decoder-ogg-vorbis: bf7c407c2cedff20999df2af8eb42d56 -> 
  custom:audio-encoder-webm-vorbis: bf7c407c2cedff20999df2af8eb42d56 -> 
========================================================================
Received Import Request.
  Time since last request: 228.174990 seconds.
  path: Assets/Scripts/PlayerControls.cs
  artifactKey: Guid(ab3fac5bcaaab794494402f8c7eed344) Importer(815301076,1909f56bfc062723c751e8b465ee728b)
Start importing Assets/Scripts/PlayerControls.cs using Guid(ab3fac5bcaaab794494402f8c7eed344) Importer(815301076,1909f56bfc062723c751e8b465ee728b)  -> (artifact id: 'dbd5a3da7e356f74092feb537b777f31') in 0.031108 seconds 
  Import took 0.043575 seconds .

========================================================================
Received Import Request.
  Time since last request: 0.095645 seconds.
  path: Assets/Scripts/PlayerControls.cs
  artifactKey: Guid(ab3fac5bcaaab794494402f8c7eed344) Importer(815301076,1909f56bfc062723c751e8b465ee728b)
Start importing Assets/Scripts/PlayerControls.cs using Guid(ab3fac5bcaaab794494402f8c7eed344) Importer(815301076,1909f56bfc062723c751e8b465ee728b)  -> (artifact id: 'dbd5a3da7e356f74092feb537b777f31') in 0.013680 seconds 
  Import took 0.023245 seconds .

========================================================================
Received Prepare
Registering precompiled user dll's ...
Registered in 0.015368 seconds.
Begin MonoManager ReloadAssembly
Native extension for WindowsStandalone target not found
Refreshing native plugins compatible for Editor in 1.39 ms, found 3 plugins.
Preloading 0 native plugins for Editor in 0.00 ms.
Mono: successfully reloaded assembly
- Completed reload, in  3.115 seconds
Platform modules already initialized, skipping
Refreshing native plugins compatible for Editor in 1.28 ms, found 3 plugins.
Preloading 0 native plugins for Editor in 0.00 ms.
Unloading 2109 Unused Serialized files (Serialized files now loaded: 0)
System memory in use before: 111.4 MB.
System memory in use after: 111.3 MB.

Unloading 22 unused Assets to reduce memory usage. Loaded Objects now: 2617.
Total: 7.189500 ms (FindLiveObjects: 0.542000 ms CreateObjectMapping: 0.191400 ms MarkObjects: 6.111500 ms  DeleteObjects: 0.340600 ms)

AssetImportParameters requested are different than current active one (requested -> active):
  custom:framework-win-MediaFoundation: 216162199b28c13a410421893ffa2e32 -> 
  custom:video-decoder-ogg-theora: a1e56fd34408186e4bbccfd4996cb3dc -> 
  custom:container-muxer-webm: aa71ff27fc2769a1b78a27578f13a17b -> 
  custom:container-demuxer-webm: 4f35f7cbe854078d1ac9338744f61a02 -> 
  custom:container-demuxer-ogg: 62fdf1f143b41e24485cea50d1cbac27 -> 
  custom:video-encoder-webm-vp8: eb34c28f22e8b96e1ab97ce403110664 -> 
  custom:video-decoder-webm-vp8: 9c59270c3fd7afecdb556c50c9e8de78 -> 
  custom:audio-decoder-ogg-vorbis: bf7c407c2cedff20999df2af8eb42d56 -> 
  custom:audio-encoder-webm-vorbis: bf7c407c2cedff20999df2af8eb42d56 -> 
========================================================================
Received Prepare
Registering precompiled user dll's ...
Registered in 0.062988 seconds.
Begin MonoManager ReloadAssembly
Native extension for WindowsStandalone target not found
Refreshing native plugins compatible for Editor in 1.70 ms, found 3 plugins.
Preloading 0 native plugins for Editor in 0.00 ms.
Mono: successfully reloaded assembly
- Completed reload, in  3.544 seconds
Platform modules already initialized, skipping
Refreshing native plugins compatible for Editor in 1.62 ms, found 3 plugins.
Preloading 0 native plugins for Editor in 0.00 ms.
Unloading 2109 Unused Serialized files (Serialized files now loaded: 0)
System memory in use before: 111.4 MB.
System memory in use after: 111.4 MB.

Unloading 22 unused Assets to reduce memory usage. Loaded Objects now: 2621.
Total: 10.435500 ms (FindLiveObjects: 0.540600 ms CreateObjectMapping: 0.190100 ms MarkObjects: 9.218900 ms  DeleteObjects: 0.481500 ms)

AssetImportParameters requested are different than current active one (requested -> active):
  custom:framework-win-MediaFoundation: 216162199b28c13a410421893ffa2e32 -> 
  custom:video-decoder-ogg-theora: a1e56fd34408186e4bbccfd4996cb3dc -> 
  custom:container-muxer-webm: aa71ff27fc2769a1b78a27578f13a17b -> 
  custom:container-demuxer-webm: 4f35f7cbe854078d1ac9338744f61a02 -> 
  custom:container-demuxer-ogg: 62fdf1f143b41e24485cea50d1cbac27 -> 
  custom:video-encoder-webm-vp8: eb34c28f22e8b96e1ab97ce403110664 -> 
  custom:video-decoder-webm-vp8: 9c59270c3fd7afecdb556c50c9e8de78 -> 
  custom:audio-decoder-ogg-vorbis: bf7c407c2cedff20999df2af8eb42d56 -> 
  custom:audio-encoder-webm-vorbis: bf7c407c2cedff20999df2af8eb42d56 -> 
AssetImportWorkerClient::OnTransportError - code=2 error=End of file
